
[14-Jul-2018 13:31:52 Europe/Belgrade] PHP Fatal error:  Cannot use "self" when no class scope is active in C:\xampp\htdocs\new-mvc\app\fje.php on line 55
[14-Jul-2018 13:31:52 Europe/Belgrade] PHP Stack trace:
[14-Jul-2018 13:31:52 Europe/Belgrade] PHP   1. {main}() C:\xampp\htdocs\new-mvc\pub\index.php:0
[14-Jul-2018 13:31:52 Europe/Belgrade] PHP   2. require_once() C:\xampp\htdocs\new-mvc\pub\index.php:6
[14-Jul-2018 13:31:52 Europe/Belgrade] PHP Fatal error:  Cannot use "self" when no class scope is active in C:\xampp\htdocs\new-mvc\app\fje.php on line 55
[14-Jul-2018 13:31:52 Europe/Belgrade] PHP Stack trace:
[14-Jul-2018 13:31:52 Europe/Belgrade] PHP   1. {main}() C:\xampp\htdocs\new-mvc\pub\index.php:0
[14-Jul-2018 13:31:52 Europe/Belgrade] PHP   2. require_once() C:\xampp\htdocs\new-mvc\pub\index.php:6
[14-Jul-2018 14:30:47 Europe/Belgrade] PHP Fatal error:  Only variables can be passed by reference in C:\xampp\htdocs\new-mvc\app\helpers\Csrf.php on line 8
[14-Jul-2018 14:30:47 Europe/Belgrade] PHP Stack trace:
[14-Jul-2018 14:30:47 Europe/Belgrade] PHP   1. {main}() C:\xampp\htdocs\new-mvc\pub\index.php:0
[14-Jul-2018 14:30:47 Europe/Belgrade] PHP   2. App->run() C:\xampp\htdocs\new-mvc\pub\index.php:17
[14-Jul-2018 14:30:47 Europe/Belgrade] PHP   3. App->dispatch() C:\xampp\htdocs\new-mvc\app\core\App.php:99
[14-Jul-2018 14:30:47 Europe/Belgrade] PHP   4. SqlController->sqlTest() C:\xampp\htdocs\new-mvc\app\core\App.php:124
[14-Jul-2018 14:30:47 Europe/Belgrade] PHP   5. View->render() C:\xampp\htdocs\new-mvc\app\controllers\SqlController.php:14
[14-Jul-2018 14:30:47 Europe/Belgrade] PHP   6. require_once() C:\xampp\htdocs\new-mvc\app\core\View.php:27
[14-Jul-2018 14:30:47 Europe/Belgrade] PHP   7. spl_autoload_call() C:\xampp\htdocs\new-mvc\app\views\sql\pocetna.php:8
[14-Jul-2018 14:30:47 Europe/Belgrade] PHP   8. App->autoload() C:\xampp\htdocs\new-mvc\app\views\sql\pocetna.php:8
[14-Jul-2018 14:31:46 Europe/Belgrade] PHP Fatal error:  Only variables can be passed by reference in C:\xampp\htdocs\new-mvc\app\helpers\Csrf.php on line 8
[14-Jul-2018 14:31:46 Europe/Belgrade] PHP Stack trace:
[14-Jul-2018 14:31:46 Europe/Belgrade] PHP   1. {main}() C:\xampp\htdocs\new-mvc\pub\index.php:0
[14-Jul-2018 14:31:46 Europe/Belgrade] PHP   2. App->run() C:\xampp\htdocs\new-mvc\pub\index.php:17
[14-Jul-2018 14:31:46 Europe/Belgrade] PHP   3. App->dispatch() C:\xampp\htdocs\new-mvc\app\core\App.php:99
[14-Jul-2018 14:31:46 Europe/Belgrade] PHP   4. SqlController->sqlTest() C:\xampp\htdocs\new-mvc\app\core\App.php:124
[14-Jul-2018 14:31:46 Europe/Belgrade] PHP   5. View->render() C:\xampp\htdocs\new-mvc\app\controllers\SqlController.php:14
[14-Jul-2018 14:31:46 Europe/Belgrade] PHP   6. require_once() C:\xampp\htdocs\new-mvc\app\core\View.php:27
[14-Jul-2018 14:31:46 Europe/Belgrade] PHP   7. spl_autoload_call() C:\xampp\htdocs\new-mvc\app\views\sql\pocetna.php:8
[14-Jul-2018 14:31:46 Europe/Belgrade] PHP   8. App->autoload() C:\xampp\htdocs\new-mvc\app\views\sql\pocetna.php:8
[14-Jul-2018 14:32:25 Europe/Belgrade] PHP Fatal error:  Only variables can be passed by reference in C:\xampp\htdocs\new-mvc\app\helpers\Csrf.php on line 8
[14-Jul-2018 14:32:25 Europe/Belgrade] PHP Stack trace:
[14-Jul-2018 14:32:25 Europe/Belgrade] PHP   1. {main}() C:\xampp\htdocs\new-mvc\pub\index.php:0
[14-Jul-2018 14:32:25 Europe/Belgrade] PHP   2. App->run() C:\xampp\htdocs\new-mvc\pub\index.php:17
[14-Jul-2018 14:32:25 Europe/Belgrade] PHP   3. App->dispatch() C:\xampp\htdocs\new-mvc\app\core\App.php:99
[14-Jul-2018 14:32:25 Europe/Belgrade] PHP   4. SqlController->sqlTest() C:\xampp\htdocs\new-mvc\app\core\App.php:124
[14-Jul-2018 14:32:25 Europe/Belgrade] PHP   5. View->render() C:\xampp\htdocs\new-mvc\app\controllers\SqlController.php:14
[14-Jul-2018 14:32:25 Europe/Belgrade] PHP   6. require_once() C:\xampp\htdocs\new-mvc\app\core\View.php:27
[14-Jul-2018 14:32:25 Europe/Belgrade] PHP   7. spl_autoload_call() C:\xampp\htdocs\new-mvc\app\views\sql\pocetna.php:8
[14-Jul-2018 14:32:25 Europe/Belgrade] PHP   8. App->autoload() C:\xampp\htdocs\new-mvc\app\views\sql\pocetna.php:8
[14-Jul-2018 14:32:26 Europe/Belgrade] PHP Fatal error:  Only variables can be passed by reference in C:\xampp\htdocs\new-mvc\app\helpers\Csrf.php on line 8
[14-Jul-2018 14:32:26 Europe/Belgrade] PHP Stack trace:
[14-Jul-2018 14:32:26 Europe/Belgrade] PHP   1. {main}() C:\xampp\htdocs\new-mvc\pub\index.php:0
[14-Jul-2018 14:32:26 Europe/Belgrade] PHP   2. App->run() C:\xampp\htdocs\new-mvc\pub\index.php:17
[14-Jul-2018 14:32:26 Europe/Belgrade] PHP   3. App->dispatch() C:\xampp\htdocs\new-mvc\app\core\App.php:99
[14-Jul-2018 14:32:26 Europe/Belgrade] PHP   4. SqlController->sqlTest() C:\xampp\htdocs\new-mvc\app\core\App.php:124
[14-Jul-2018 14:32:26 Europe/Belgrade] PHP   5. View->render() C:\xampp\htdocs\new-mvc\app\controllers\SqlController.php:14
[14-Jul-2018 14:32:26 Europe/Belgrade] PHP   6. require_once() C:\xampp\htdocs\new-mvc\app\core\View.php:27
[14-Jul-2018 14:32:26 Europe/Belgrade] PHP   7. spl_autoload_call() C:\xampp\htdocs\new-mvc\app\views\sql\pocetna.php:8
[14-Jul-2018 14:32:26 Europe/Belgrade] PHP   8. App->autoload() C:\xampp\htdocs\new-mvc\app\views\sql\pocetna.php:8
[14-Jul-2018 14:34:16 Europe/Belgrade] PHP Fatal error:  Only variables can be passed by reference in C:\xampp\htdocs\new-mvc\app\helpers\Csrf.php on line 8
[14-Jul-2018 14:34:16 Europe/Belgrade] PHP Stack trace:
[14-Jul-2018 14:34:16 Europe/Belgrade] PHP   1. {main}() C:\xampp\htdocs\new-mvc\pub\index.php:0
[14-Jul-2018 14:34:16 Europe/Belgrade] PHP   2. App->run() C:\xampp\htdocs\new-mvc\pub\index.php:17
[14-Jul-2018 14:34:16 Europe/Belgrade] PHP   3. App->dispatch() C:\xampp\htdocs\new-mvc\app\core\App.php:99
[14-Jul-2018 14:34:16 Europe/Belgrade] PHP   4. SqlController->sqlTest() C:\xampp\htdocs\new-mvc\app\core\App.php:124
[14-Jul-2018 14:34:16 Europe/Belgrade] PHP   5. View->render() C:\xampp\htdocs\new-mvc\app\controllers\SqlController.php:14
[14-Jul-2018 14:34:16 Europe/Belgrade] PHP   6. require_once() C:\xampp\htdocs\new-mvc\app\core\View.php:27
[14-Jul-2018 14:34:16 Europe/Belgrade] PHP   7. spl_autoload_call() C:\xampp\htdocs\new-mvc\app\views\sql\pocetna.php:8
[14-Jul-2018 14:34:16 Europe/Belgrade] PHP   8. App->autoload() C:\xampp\htdocs\new-mvc\app\views\sql\pocetna.php:8
[14-Jul-2018 15:20:22 Europe/Belgrade] PHP Notice:  Undefined index: csrf in C:\xampp\htdocs\new-mvc\app\views\sql\pocetna.php on line 8
[14-Jul-2018 15:20:22 Europe/Belgrade] PHP Stack trace:
[14-Jul-2018 15:20:22 Europe/Belgrade] PHP   1. {main}() C:\xampp\htdocs\new-mvc\pub\index.php:0
[14-Jul-2018 15:20:22 Europe/Belgrade] PHP   2. App->run() C:\xampp\htdocs\new-mvc\pub\index.php:17
[14-Jul-2018 15:20:22 Europe/Belgrade] PHP   3. App->dispatch() C:\xampp\htdocs\new-mvc\app\core\App.php:99
[14-Jul-2018 15:20:22 Europe/Belgrade] PHP   4. SqlController->sqlTest() C:\xampp\htdocs\new-mvc\app\core\App.php:124
[14-Jul-2018 15:20:22 Europe/Belgrade] PHP   5. View->render() C:\xampp\htdocs\new-mvc\app\controllers\SqlController.php:14
[14-Jul-2018 15:20:22 Europe/Belgrade] PHP   6. require_once() C:\xampp\htdocs\new-mvc\app\core\View.php:26
